The time is: Sun Dec 30 2018 02:12:45 GMT+0200 (שעון רגיל ירושלים) 
The request is: GET 
The url is: /
The time is: Sun Dec 30 2018 02:20:29 GMT+0200 (שעון רגיל ירושלים) 
The request is: GET 
The url is: /
The time is: Sun Dec 30 2018 02:20:35 GMT+0200 (שעון רגיל ירושלים) 
The request is: GET 
The url is: /
The time is: Sun Dec 30 2018 02:20:38 GMT+0200 (שעון רגיל ירושלים) 
The request is: GET 
The url is: /about
The time is: Sun Dec 30 2018 02:20:45 GMT+0200 (שעון רגיל ירושלים) 
The request is: GET 
The url is: /about
The time is: Sun Dec 30 2018 02:20:48 GMT+0200 (שעון רגיל ירושלים) 
The request is: GET 
The url is: /
The time is: Sun Dec 30 2018 02:26:54 GMT+0200 (שעון רגיל ירושלים) 
The request is: GET 
The url is: /
The time is: Sun Dec 30 2018 02:27:00 GMT+0200 (שעון רגיל ירושלים) 
The request is: GET 
The url is: /help
The time is: Sun Dec 30 2018 02:27:07 GMT+0200 (שעון רגיל ירושלים) 
The request is: GET 
The url is: /help
The time is: Sun Dec 30 2018 02:28:17 GMT+0200 (שעון רגיל ירושלים) 
The request is: GET 
The url is: /help
The time is: Sun Dec 30 2018 02:28:17 GMT+0200 (שעון רגיל ירושלים) 
The request is: GET 
The url is: /help
The time is: Sun Dec 30 2018 02:30:30 GMT+0200 (שעון רגיל ירושלים) 
The request is: GET 
The url is: /help
The time is: Sun Dec 30 2018 02:31:21 GMT+0200 (שעון רגיל ירושלים) 
The request is: GET 
The url is: /help
The time is: Sun Dec 30 2018 02:31:50 GMT+0200 (שעון רגיל ירושלים) 
The request is: GET 
The url is: /help
